ERROR 2022-09-09T19:57:03,623 (main) - Exception: Error getting connection: Connection to 127.0.0.1:5432 refused. Check that the hostname and port are correct and that the postmaster is accepting TCP/IP connections.
org.apache.manifoldcf.core.interfaces.ManifoldCFException: Error getting connection: Connection to 127.0.0.1:5432 refused. Check that the hostname and port are correct and that the postmaster is accepting TCP/IP connections.
	at org.apache.manifoldcf.core.database.ConnectionFactory.getConnection(ConnectionFactory.java:83) ~[mcf-core.jar:?]
	at org.apache.manifoldcf.core.database.Database.executeUncachedQuery(Database.java:797) ~[mcf-core.jar:?]
	at org.apache.manifoldcf.core.database.Database$QueryCacheExecutor.create(Database.java:1457) ~[mcf-core.jar:?]
	at org.apache.manifoldcf.core.cachemanager.CacheManager.findObjectsAndExecute(CacheManager.java:146) ~[mcf-core.jar:?]
	at org.apache.manifoldcf.core.database.Database.executeQuery(Database.java:204) ~[mcf-core.jar:?]
	at org.apache.manifoldcf.core.database.DBInterfacePostgreSQL.createUserAndDatabase(DBInterfacePostgreSQL.java:538) ~[mcf-core.jar:?]
	at org.apache.manifoldcf.core.system.ManifoldCF.createSystemDatabase(ManifoldCF.java:1016) ~[mcf-core.jar:?]
	at org.apache.manifoldcf.crawler.system.ManifoldCF.createSystemDatabase(ManifoldCF.java:135) ~[mcf-pull-agent.jar:?]
	at org.apache.manifoldcf.jettyrunner.ManifoldCFJettyRunner.main(ManifoldCFJettyRunner.java:233) [mcf-jetty-runner.jar:?]
Caused by: org.postgresql.util.PSQLException: Connection to 127.0.0.1:5432 refused. Check that the hostname and port are correct and that the postmaster is accepting TCP/IP connections.
	at org.postgresql.core.v3.ConnectionFactoryImpl.openConnectionImpl(ConnectionFactoryImpl.java:265) ~[postgresql-42.1.3.jar:42.1.3]
	at org.postgresql.core.ConnectionFactory.openConnection(ConnectionFactory.java:49) ~[postgresql-42.1.3.jar:42.1.3]
	at org.postgresql.jdbc.PgConnection.<init>(PgConnection.java:194) ~[postgresql-42.1.3.jar:42.1.3]
	at org.postgresql.Driver.makeConnection(Driver.java:450) ~[postgresql-42.1.3.jar:42.1.3]
	at org.postgresql.Driver.connect(Driver.java:252) ~[postgresql-42.1.3.jar:42.1.3]
	at java.sql.DriverManager.getConnection(DriverManager.java:677) ~[java.sql:?]
	at java.sql.DriverManager.getConnection(DriverManager.java:228) ~[java.sql:?]
	at org.apache.manifoldcf.core.jdbcpool.ConnectionPool.getConnection(ConnectionPool.java:144) ~[mcf-core.jar:?]
	at org.apache.manifoldcf.core.database.ConnectionFactory.getConnectionWithRetries(ConnectionFactory.java:126) ~[mcf-core.jar:?]
	at org.apache.manifoldcf.core.database.ConnectionFactory.getConnection(ConnectionFactory.java:75) ~[mcf-core.jar:?]
	... 8 more
Caused by: java.net.ConnectException: Connection refused (Connection refused)
	at java.net.PlainSocketImpl.socketConnect(Native Method) ~[?:?]
	at java.net.AbstractPlainSocketImpl.doConnect(AbstractPlainSocketImpl.java:412) ~[?:?]
	at java.net.AbstractPlainSocketImpl.connectToAddress(AbstractPlainSocketImpl.java:255) ~[?:?]
	at java.net.AbstractPlainSocketImpl.connect(AbstractPlainSocketImpl.java:237) ~[?:?]
	at java.net.SocksSocketImpl.connect(SocksSocketImpl.java:392) ~[?:?]
	at java.net.Socket.connect(Socket.java:609) ~[?:?]
	at org.postgresql.core.PGStream.<init>(PGStream.java:68) ~[postgresql-42.1.3.jar:42.1.3]
	at org.postgresql.core.v3.ConnectionFactoryImpl.openConnectionImpl(ConnectionFactoryImpl.java:144) ~[postgresql-42.1.3.jar:42.1.3]
	at org.postgresql.core.ConnectionFactory.openConnection(ConnectionFactory.java:49) ~[postgresql-42.1.3.jar:42.1.3]
	at org.postgresql.jdbc.PgConnection.<init>(PgConnection.java:194) ~[postgresql-42.1.3.jar:42.1.3]
	at org.postgresql.Driver.makeConnection(Driver.java:450) ~[postgresql-42.1.3.jar:42.1.3]
	at org.postgresql.Driver.connect(Driver.java:252) ~[postgresql-42.1.3.jar:42.1.3]
	at java.sql.DriverManager.getConnection(DriverManager.java:677) ~[java.sql:?]
	at java.sql.DriverManager.getConnection(DriverManager.java:228) ~[java.sql:?]
	at org.apache.manifoldcf.core.jdbcpool.ConnectionPool.getConnection(ConnectionPool.java:144) ~[mcf-core.jar:?]
	at org.apache.manifoldcf.core.database.ConnectionFactory.getConnectionWithRetries(ConnectionFactory.java:126) ~[mcf-core.jar:?]
	at org.apache.manifoldcf.core.database.ConnectionFactory.getConnection(ConnectionFactory.java:75) ~[mcf-core.jar:?]
	... 8 more
ERROR 2022-09-09T19:59:05,828 (main) - Exception: Error getting connection: Connection to 127.0.0.1:5432 refused. Check that the hostname and port are correct and that the postmaster is accepting TCP/IP connections.
org.apache.manifoldcf.core.interfaces.ManifoldCFException: Error getting connection: Connection to 127.0.0.1:5432 refused. Check that the hostname and port are correct and that the postmaster is accepting TCP/IP connections.
	at org.apache.manifoldcf.core.database.ConnectionFactory.getConnection(ConnectionFactory.java:83) ~[mcf-core.jar:?]
	at org.apache.manifoldcf.core.database.Database.executeUncachedQuery(Database.java:797) ~[mcf-core.jar:?]
	at org.apache.manifoldcf.core.database.Database$QueryCacheExecutor.create(Database.java:1457) ~[mcf-core.jar:?]
	at org.apache.manifoldcf.core.cachemanager.CacheManager.findObjectsAndExecute(CacheManager.java:146) ~[mcf-core.jar:?]
	at org.apache.manifoldcf.core.database.Database.executeQuery(Database.java:204) ~[mcf-core.jar:?]
	at org.apache.manifoldcf.core.database.DBInterfacePostgreSQL.createUserAndDatabase(DBInterfacePostgreSQL.java:538) ~[mcf-core.jar:?]
	at org.apache.manifoldcf.core.system.ManifoldCF.createSystemDatabase(ManifoldCF.java:1016) ~[mcf-core.jar:?]
	at org.apache.manifoldcf.crawler.system.ManifoldCF.createSystemDatabase(ManifoldCF.java:135) ~[mcf-pull-agent.jar:?]
	at org.apache.manifoldcf.jettyrunner.ManifoldCFJettyRunner.main(ManifoldCFJettyRunner.java:233) [mcf-jetty-runner.jar:?]
Caused by: org.postgresql.util.PSQLException: Connection to 127.0.0.1:5432 refused. Check that the hostname and port are correct and that the postmaster is accepting TCP/IP connections.
	at org.postgresql.core.v3.ConnectionFactoryImpl.openConnectionImpl(ConnectionFactoryImpl.java:265) ~[postgresql-42.1.3.jar:42.1.3]
	at org.postgresql.core.ConnectionFactory.openConnection(ConnectionFactory.java:49) ~[postgresql-42.1.3.jar:42.1.3]
	at org.postgresql.jdbc.PgConnection.<init>(PgConnection.java:194) ~[postgresql-42.1.3.jar:42.1.3]
	at org.postgresql.Driver.makeConnection(Driver.java:450) ~[postgresql-42.1.3.jar:42.1.3]
	at org.postgresql.Driver.connect(Driver.java:252) ~[postgresql-42.1.3.jar:42.1.3]
	at java.sql.DriverManager.getConnection(DriverManager.java:677) ~[java.sql:?]
	at java.sql.DriverManager.getConnection(DriverManager.java:228) ~[java.sql:?]
	at org.apache.manifoldcf.core.jdbcpool.ConnectionPool.getConnection(ConnectionPool.java:144) ~[mcf-core.jar:?]
	at org.apache.manifoldcf.core.database.ConnectionFactory.getConnectionWithRetries(ConnectionFactory.java:126) ~[mcf-core.jar:?]
	at org.apache.manifoldcf.core.database.ConnectionFactory.getConnection(ConnectionFactory.java:75) ~[mcf-core.jar:?]
	... 8 more
Caused by: java.net.ConnectException: Connection refused (Connection refused)
	at java.net.PlainSocketImpl.socketConnect(Native Method) ~[?:?]
	at java.net.AbstractPlainSocketImpl.doConnect(AbstractPlainSocketImpl.java:412) ~[?:?]
	at java.net.AbstractPlainSocketImpl.connectToAddress(AbstractPlainSocketImpl.java:255) ~[?:?]
	at java.net.AbstractPlainSocketImpl.connect(AbstractPlainSocketImpl.java:237) ~[?:?]
	at java.net.SocksSocketImpl.connect(SocksSocketImpl.java:392) ~[?:?]
	at java.net.Socket.connect(Socket.java:609) ~[?:?]
	at org.postgresql.core.PGStream.<init>(PGStream.java:68) ~[postgresql-42.1.3.jar:42.1.3]
	at org.postgresql.core.v3.ConnectionFactoryImpl.openConnectionImpl(ConnectionFactoryImpl.java:144) ~[postgresql-42.1.3.jar:42.1.3]
	at org.postgresql.core.ConnectionFactory.openConnection(ConnectionFactory.java:49) ~[postgresql-42.1.3.jar:42.1.3]
	at org.postgresql.jdbc.PgConnection.<init>(PgConnection.java:194) ~[postgresql-42.1.3.jar:42.1.3]
	at org.postgresql.Driver.makeConnection(Driver.java:450) ~[postgresql-42.1.3.jar:42.1.3]
	at org.postgresql.Driver.connect(Driver.java:252) ~[postgresql-42.1.3.jar:42.1.3]
	at java.sql.DriverManager.getConnection(DriverManager.java:677) ~[java.sql:?]
	at java.sql.DriverManager.getConnection(DriverManager.java:228) ~[java.sql:?]
	at org.apache.manifoldcf.core.jdbcpool.ConnectionPool.getConnection(ConnectionPool.java:144) ~[mcf-core.jar:?]
	at org.apache.manifoldcf.core.database.ConnectionFactory.getConnectionWithRetries(ConnectionFactory.java:126) ~[mcf-core.jar:?]
	at org.apache.manifoldcf.core.database.ConnectionFactory.getConnection(ConnectionFactory.java:75) ~[mcf-core.jar:?]
	... 8 more
ERROR 2022-09-09T20:00:06,785 (main) - Exception: Error getting connection: Connection to 127.0.0.1:5432 refused. Check that the hostname and port are correct and that the postmaster is accepting TCP/IP connections.
org.apache.manifoldcf.core.interfaces.ManifoldCFException: Error getting connection: Connection to 127.0.0.1:5432 refused. Check that the hostname and port are correct and that the postmaster is accepting TCP/IP connections.
	at org.apache.manifoldcf.core.database.ConnectionFactory.getConnection(ConnectionFactory.java:83) ~[mcf-core.jar:?]
	at org.apache.manifoldcf.core.database.Database.executeUncachedQuery(Database.java:797) ~[mcf-core.jar:?]
	at org.apache.manifoldcf.core.database.Database$QueryCacheExecutor.create(Database.java:1457) ~[mcf-core.jar:?]
	at org.apache.manifoldcf.core.cachemanager.CacheManager.findObjectsAndExecute(CacheManager.java:146) ~[mcf-core.jar:?]
	at org.apache.manifoldcf.core.database.Database.executeQuery(Database.java:204) ~[mcf-core.jar:?]
	at org.apache.manifoldcf.core.database.DBInterfacePostgreSQL.createUserAndDatabase(DBInterfacePostgreSQL.java:538) ~[mcf-core.jar:?]
	at org.apache.manifoldcf.core.system.ManifoldCF.createSystemDatabase(ManifoldCF.java:1016) ~[mcf-core.jar:?]
	at org.apache.manifoldcf.crawler.system.ManifoldCF.createSystemDatabase(ManifoldCF.java:135) ~[mcf-pull-agent.jar:?]
	at org.apache.manifoldcf.jettyrunner.ManifoldCFJettyRunner.main(ManifoldCFJettyRunner.java:233) [mcf-jetty-runner.jar:?]
Caused by: org.postgresql.util.PSQLException: Connection to 127.0.0.1:5432 refused. Check that the hostname and port are correct and that the postmaster is accepting TCP/IP connections.
	at org.postgresql.core.v3.ConnectionFactoryImpl.openConnectionImpl(ConnectionFactoryImpl.java:265) ~[postgresql-42.1.3.jar:42.1.3]
	at org.postgresql.core.ConnectionFactory.openConnection(ConnectionFactory.java:49) ~[postgresql-42.1.3.jar:42.1.3]
	at org.postgresql.jdbc.PgConnection.<init>(PgConnection.java:194) ~[postgresql-42.1.3.jar:42.1.3]
	at org.postgresql.Driver.makeConnection(Driver.java:450) ~[postgresql-42.1.3.jar:42.1.3]
	at org.postgresql.Driver.connect(Driver.java:252) ~[postgresql-42.1.3.jar:42.1.3]
	at java.sql.DriverManager.getConnection(DriverManager.java:677) ~[java.sql:?]
	at java.sql.DriverManager.getConnection(DriverManager.java:228) ~[java.sql:?]
	at org.apache.manifoldcf.core.jdbcpool.ConnectionPool.getConnection(ConnectionPool.java:144) ~[mcf-core.jar:?]
	at org.apache.manifoldcf.core.database.ConnectionFactory.getConnectionWithRetries(ConnectionFactory.java:126) ~[mcf-core.jar:?]
	at org.apache.manifoldcf.core.database.ConnectionFactory.getConnection(ConnectionFactory.java:75) ~[mcf-core.jar:?]
	... 8 more
Caused by: java.net.ConnectException: Connection refused (Connection refused)
	at java.net.PlainSocketImpl.socketConnect(Native Method) ~[?:?]
	at java.net.AbstractPlainSocketImpl.doConnect(AbstractPlainSocketImpl.java:412) ~[?:?]
	at java.net.AbstractPlainSocketImpl.connectToAddress(AbstractPlainSocketImpl.java:255) ~[?:?]
	at java.net.AbstractPlainSocketImpl.connect(AbstractPlainSocketImpl.java:237) ~[?:?]
	at java.net.SocksSocketImpl.connect(SocksSocketImpl.java:392) ~[?:?]
	at java.net.Socket.connect(Socket.java:609) ~[?:?]
	at org.postgresql.core.PGStream.<init>(PGStream.java:68) ~[postgresql-42.1.3.jar:42.1.3]
	at org.postgresql.core.v3.ConnectionFactoryImpl.openConnectionImpl(ConnectionFactoryImpl.java:144) ~[postgresql-42.1.3.jar:42.1.3]
	at org.postgresql.core.ConnectionFactory.openConnection(ConnectionFactory.java:49) ~[postgresql-42.1.3.jar:42.1.3]
	at org.postgresql.jdbc.PgConnection.<init>(PgConnection.java:194) ~[postgresql-42.1.3.jar:42.1.3]
	at org.postgresql.Driver.makeConnection(Driver.java:450) ~[postgresql-42.1.3.jar:42.1.3]
	at org.postgresql.Driver.connect(Driver.java:252) ~[postgresql-42.1.3.jar:42.1.3]
	at java.sql.DriverManager.getConnection(DriverManager.java:677) ~[java.sql:?]
	at java.sql.DriverManager.getConnection(DriverManager.java:228) ~[java.sql:?]
	at org.apache.manifoldcf.core.jdbcpool.ConnectionPool.getConnection(ConnectionPool.java:144) ~[mcf-core.jar:?]
	at org.apache.manifoldcf.core.database.ConnectionFactory.getConnectionWithRetries(ConnectionFactory.java:126) ~[mcf-core.jar:?]
	at org.apache.manifoldcf.core.database.ConnectionFactory.getConnection(ConnectionFactory.java:75) ~[mcf-core.jar:?]
	... 8 more
